Progress: resolved 1, reused 0, downloaded 0, added 0
[WARN] deprecated @types/bcryptjs@3.0.0: This is a stub types definition. bcryptjs provides its own type definitions, so you do not need this installed.
Progress: resolved 11, reused 10, downloaded 0, added 0
Progress: resolved 17, reused 15, downloaded 0, added 0
Progress: resolved 58, reused 54, downloaded 0, added 0
Progress: resolved 63, reused 57, downloaded 0, added 0
Progress: resolved 68, reused 61, downloaded 0, added 0
[WARN] deprecated recharts@2.15.4: 1.x and 2.x branches are no longer active. Bump to Recharts v3 to receive latest features and bugfixes. See https://github.com/recharts/recharts/wiki/3.0-migration-guide
Progress: resolved 82, reused 76, downloaded 0, added 0
Progress: resolved 82, reused 76, downloaded 1, added 0
Progress: resolved 202, reused 76, downloaded 1, added 0
Progress: resolved 229, reused 76, downloaded 1, added 0
Progress: resolved 313, reused 76, downloaded 1, added 0
Progress: resolved 313, reused 76, downloaded 2, added 0
Progress: resolved 314, reused 76, downloaded 2, added 0
Progress: resolved 317, reused 76, downloaded 2, added 0
Progress: resolved 323, reused 76, downloaded 2, added 0
Progress: resolved 327, reused 76, downloaded 2, added 0
Progress: resolved 334, reused 76, downloaded 2, added 0
Progress: resolved 338, reused 76, downloaded 2, added 0
Progress: resolved 340, reused 76, downloaded 2, added 0
Progress: resolved 341, reused 76, downloaded 2, added 0
Progress: resolved 343, reused 76, downloaded 2, added 0
Progress: resolved 347, reused 76, downloaded 2, added 0
Progress: resolved 348, reused 76, downloaded 2, added 0
Progress: resolved 350, reused 76, downloaded 2, added 0
Progress: resolved 354, reused 76, downloaded 2, added 0
Progress: resolved 358, reused 76, downloaded 2, added 0
Progress: resolved 365, reused 76, downloaded 2, added 0
Progress: resolved 369, reused 76, downloaded 2, added 0
Progress: resolved 372, reused 76, downloaded 2, added 0
Progress: resolved 373, reused 76, downloaded 2, added 0
Progress: resolved 374, reused 76, downloaded 2, added 0
[WARN] Request took 15715ms: https://registry.npmjs.org/@prisma%2Ffetch-engine
Progress: resolved 375, reused 76, downloaded 2, added 0
[WARN] Request took 15256ms: https://registry.npmjs.org/@prisma%2Fget-platform
Progress: resolved 376, reused 76, downloaded 2, added 0
Progress: resolved 377, reused 76, downloaded 2, added 0
Progress: resolved 378, reused 76, downloaded 2, added 0
Progress: resolved 379, reused 76, downloaded 2, added 0
Progress: resolved 380, reused 76, downloaded 2, added 0
Progress: resolved 381, reused 76, downloaded 2, added 0
Progress: resolved 382, reused 76, downloaded 2, added 0
Progress: resolved 383, reused 76, downloaded 2, added 0
Progress: resolved 384, reused 76, downloaded 2, added 0
Progress: resolved 385, reused 76, downloaded 2, added 0
Progress: resolved 386, reused 76, downloaded 2, added 0
Progress: resolved 387, reused 76, downloaded 2, added 0
Progress: resolved 388, reused 76, downloaded 2, added 0
Progress: resolved 389, reused 76, downloaded 2, added 0
Progress: resolved 390, reused 76, downloaded 2, added 0
Progress: resolved 391, reused 76, downloaded 2, added 0
Progress: resolved 392, reused 76, downloaded 2, added 0
Progress: resolved 393, reused 76, downloaded 2, added 0
Progress: resolved 394, reused 76, downloaded 2, added 0
Progress: resolved 395, reused 76, downloaded 2, added 0
Progress: resolved 396, reused 76, downloaded 2, added 0
Progress: resolved 398, reused 76, downloaded 2, added 0
Progress: resolved 399, reused 76, downloaded 2, added 0
Progress: resolved 401, reused 76, downloaded 2, added 0
Progress: resolved 402, reused 76, downloaded 2, added 0
Progress: resolved 404, reused 76, downloaded 2, added 0
Progress: resolved 405, reused 76, downloaded 2, added 0
Progress: resolved 406, reused 76, downloaded 2, added 0
Progress: resolved 407, reused 76, downloaded 2, added 0
Progress: resolved 409, reused 76, downloaded 2, added 0
Progress: resolved 412, reused 76, downloaded 2, added 0
Progress: resolved 414, reused 76, downloaded 2, added 0
Progress: resolved 416, reused 76, downloaded 2, added 0
Progress: resolved 418, reused 76, downloaded 2, added 0
Progress: resolved 420, reused 76, downloaded 2, added 0
Progress: resolved 422, reused 76, downloaded 2, added 0
Progress: resolved 424, reused 76, downloaded 2, added 0
Progress: resolved 426, reused 76, downloaded 2, added 0
Progress: resolved 427, reused 76, downloaded 2, added 0
Progress: resolved 428, reused 76, downloaded 2, added 0
Progress: resolved 429, reused 76, downloaded 2, added 0
Progress: resolved 431, reused 76, downloaded 2, added 0
Progress: resolved 432, reused 76, downloaded 2, added 0
Progress: resolved 433, reused 76, downloaded 2, added 0
Progress: resolved 434, reused 76, downloaded 2, added 0
Progress: resolved 435, reused 76, downloaded 2, added 0
Progress: resolved 436, reused 76, downloaded 2, added 0
Progress: resolved 437, reused 76, downloaded 2, added 0
Progress: resolved 438, reused 76, downloaded 2, added 0
Progress: resolved 439, reused 76, downloaded 2, added 0
Progress: resolved 440, reused 76, downloaded 2, added 0
Progress: resolved 441, reused 76, downloaded 2, added 0
Progress: resolved 442, reused 76, downloaded 2, added 0
Progress: resolved 444, reused 76, downloaded 2, added 0
Progress: resolved 445, reused 76, downloaded 2, added 0
Progress: resolved 446, reused 76, downloaded 2, added 0
Progress: resolved 447, reused 76, downloaded 2, added 0
Progress: resolved 448, reused 76, downloaded 2, added 0
Progress: resolved 449, reused 76, downloaded 2, added 0
Progress: resolved 450, reused 76, downloaded 2, added 0
Progress: resolved 454, reused 76, downloaded 2, added 0
Progress: resolved 455, reused 76, downloaded 2, added 0
Progress: resolved 456, reused 76, downloaded 2, added 0
Progress: resolved 457, reused 76, downloaded 2, added 0
Progress: resolved 458, reused 76, downloaded 2, added 0
Progress: resolved 459, reused 76, downloaded 2, added 0
Progress: resolved 462, reused 76, downloaded 2, added 0
Progress: resolved 465, reused 76, downloaded 2, added 0
Progress: resolved 468, reused 76, downloaded 2, added 0
Progress: resolved 471, reused 76, downloaded 2, added 0
Progress: resolved 472, reused 76, downloaded 2, added 0
Progress: resolved 473, reused 76, downloaded 2, added 0
Progress: resolved 474, reused 76, downloaded 2, added 0
Progress: resolved 475, reused 76, downloaded 2, added 0
Progress: resolved 476, reused 76, downloaded 2, added 0
Progress: resolved 477, reused 76, downloaded 2, added 0
Progress: resolved 478, reused 76, downloaded 2, added 0
Progress: resolved 479, reused 76, downloaded 2, added 0
Progress: resolved 480, reused 76, downloaded 2, added 0
Progress: resolved 481, reused 76, downloaded 2, added 0
Progress: resolved 482, reused 76, downloaded 2, added 0
Progress: resolved 483, reused 76, downloaded 2, added 0
Progress: resolved 484, reused 76, downloaded 2, added 0
Progress: resolved 485, reused 76, downloaded 2, added 0
Progress: resolved 486, reused 76, downloaded 2, added 0
Progress: resolved 487, reused 76, downloaded 2, added 0
Progress: resolved 488, reused 76, downloaded 2, added 0
Progress: resolved 489, reused 76, downloaded 2, added 0
Progress: resolved 490, reused 76, downloaded 2, added 0
Progress: resolved 491, reused 76, downloaded 2, added 0
Progress: resolved 492, reused 76, downloaded 2, added 0
Progress: resolved 493, reused 76, downloaded 2, added 0
Progress: resolved 494, reused 76, downloaded 2, added 0
Progress: resolved 495, reused 76, downloaded 2, added 0
Progress: resolved 496, reused 76, downloaded 2, added 0
Progress: resolved 497, reused 76, downloaded 2, added 0
Progress: resolved 499, reused 76, downloaded 2, added 0
Progress: resolved 501, reused 76, downloaded 2, added 0
Progress: resolved 502, reused 76, downloaded 2, added 0
Progress: resolved 504, reused 76, downloaded 2, added 0
Progress: resolved 505, reused 76, downloaded 2, added 0
Progress: resolved 506, reused 76, downloaded 2, added 0
Progress: resolved 507, reused 76, downloaded 2, added 0
Progress: resolved 508, reused 76, downloaded 2, added 0
Progress: resolved 511, reused 76, downloaded 2, added 0
Progress: resolved 513, reused 76, downloaded 2, added 0
Progress: resolved 514, reused 76, downloaded 2, added 0
Progress: resolved 515, reused 76, downloaded 2, added 0
Progress: resolved 516, reused 76, downloaded 2, added 0
Progress: resolved 517, reused 76, downloaded 2, added 0
Progress: resolved 519, reused 76, downloaded 2, added 0
Progress: resolved 521, reused 76, downloaded 2, added 0
Progress: resolved 523, reused 76, downloaded 2, added 0
Progress: resolved 525, reused 76, downloaded 2, added 0
Progress: resolved 527, reused 76, downloaded 2, added 0
Progress: resolved 531, reused 76, downloaded 2, added 0
Progress: resolved 533, reused 76, downloaded 2, added 0
Progress: resolved 535, reused 76, downloaded 2, added 0
Progress: resolved 536, reused 76, downloaded 2, added 0
Progress: resolved 537, reused 76, downloaded 2, added 0
Progress: resolved 538, reused 76, downloaded 2, added 0
Progress: resolved 540, reused 76, downloaded 2, added 0
Progress: resolved 541, reused 76, downloaded 2, added 0
Progress: resolved 542, reused 76, downloaded 2, added 0
Progress: resolved 544, reused 76, downloaded 2, added 0
Progress: resolved 545, reused 76, downloaded 2, added 0
Progress: resolved 547, reused 76, downloaded 2, added 0
Progress: resolved 549, reused 76, downloaded 2, added 0
Progress: resolved 551, reused 76, downloaded 2, added 0
Progress: resolved 553, reused 76, downloaded 2, added 0
Progress: resolved 554, reused 76, downloaded 2, added 0
Progress: resolved 557, reused 76, downloaded 2, added 0
Progress: resolved 559, reused 76, downloaded 2, added 0
Progress: resolved 560, reused 76, downloaded 2, added 0
Progress: resolved 561, reused 76, downloaded 2, added 0
Progress: resolved 564, reused 76, downloaded 2, added 0
Progress: resolved 567, reused 76, downloaded 2, added 0
Progress: resolved 569, reused 76, downloaded 2, added 0
Progress: resolved 573, reused 76, downloaded 2, added 0
Progress: resolved 576, reused 76, downloaded 2, added 0
Progress: resolved 578, reused 76, downloaded 2, added 0
Progress: resolved 580, reused 76, downloaded 2, added 0
Progress: resolved 583, reused 76, downloaded 2, added 0
Progress: resolved 584, reused 76, downloaded 2, added 0
Progress: resolved 588, reused 76, downloaded 2, added 0
Progress: resolved 590, reused 76, downloaded 2, added 0
Progress: resolved 591, reused 76, downloaded 2, added 0
Progress: resolved 594, reused 76, downloaded 2, added 0
Progress: resolved 597, reused 76, downloaded 2, added 0
Progress: resolved 598, reused 76, downloaded 2, added 0
Progress: resolved 599, reused 76, downloaded 2, added 0
Progress: resolved 600, reused 76, downloaded 2, added 0
Progress: resolved 601, reused 76, downloaded 2, added 0
Progress: resolved 602, reused 76, downloaded 2, added 0
Progress: resolved 603, reused 76, downloaded 2, added 0
Progress: resolved 604, reused 76, downloaded 2, added 0
Progress: resolved 605, reused 76, downloaded 2, added 0
Progress: resolved 606, reused 76, downloaded 2, added 0
Progress: resolved 607, reused 76, downloaded 2, added 0
Progress: resolved 608, reused 76, downloaded 2, added 0
Progress: resolved 609, reused 76, downloaded 2, added 0
Progress: resolved 610, reused 76, downloaded 2, added 0
Progress: resolved 610, reused 76, downloaded 3, added 0
Progress: resolved 615, reused 76, downloaded 3, added 0
Progress: resolved 621, reused 76, downloaded 3, added 0
Progress: resolved 624, reused 76, downloaded 3, added 0
Progress: resolved 627, reused 76, downloaded 3, added 0
Progress: resolved 631, reused 76, downloaded 3, added 0
Progress: resolved 636, reused 76, downloaded 3, added 0
Progress: resolved 639, reused 76, downloaded 3, added 0
Progress: resolved 640, reused 76, downloaded 3, added 0
Progress: resolved 641, reused 76, downloaded 3, added 0
Progress: resolved 643, reused 76, downloaded 3, added 0
Progress: resolved 644, reused 76, downloaded 3, added 0
Progress: resolved 645, reused 76, downloaded 3, added 0
Progress: resolved 648, reused 76, downloaded 3, added 0
Progress: resolved 653, reused 76, downloaded 3, added 0
Progress: resolved 659, reused 76, downloaded 3, added 0
Progress: resolved 662, reused 76, downloaded 3, added 0
Progress: resolved 668, reused 76, downloaded 3, added 0
Progress: resolved 670, reused 76, downloaded 3, added 0
Progress: resolved 674, reused 76, downloaded 3, added 0
Progress: resolved 677, reused 76, downloaded 3, added 0
Progress: resolved 679, reused 76, downloaded 3, added 0
Progress: resolved 681, reused 76, downloaded 3, added 0
Progress: resolved 686, reused 76, downloaded 3, added 0
Progress: resolved 691, reused 76, downloaded 3, added 0
Progress: resolved 694, reused 76, downloaded 3, added 0
Progress: resolved 700, reused 76, downloaded 3, added 0
Progress: resolved 702, reused 76, downloaded 3, added 0
Progress: resolved 707, reused 76, downloaded 3, added 0
Progress: resolved 711, reused 76, downloaded 3, added 0
Progress: resolved 713, reused 76, downloaded 3, added 0
Progress: resolved 714, reused 76, downloaded 3, added 0
Progress: resolved 715, reused 76, downloaded 3, added 0
Progress: resolved 716, reused 76, downloaded 3, added 0
Progress: resolved 718, reused 76, downloaded 3, added 0
Progress: resolved 720, reused 76, downloaded 3, added 0
Progress: resolved 722, reused 76, downloaded 3, added 0
Progress: resolved 725, reused 76, downloaded 3, added 0
Progress: resolved 726, reused 76, downloaded 3, added 0
Progress: resolved 728, reused 76, downloaded 3, added 0
Progress: resolved 731, reused 76, downloaded 3, added 0
Progress: resolved 732, reused 76, downloaded 3, added 0
Progress: resolved 733, reused 76, downloaded 3, added 0
Progress: resolved 736, reused 76, downloaded 3, added 0
Progress: resolved 737, reused 76, downloaded 3, added 0
Progress: resolved 738, reused 76, downloaded 3, added 0
Progress: resolved 739, reused 76, downloaded 3, added 0
Progress: resolved 740, reused 76, downloaded 3, added 0
Progress: resolved 741, reused 76, downloaded 3, added 0
Progress: resolved 742, reused 76, downloaded 3, added 0
Progress: resolved 743, reused 76, downloaded 3, added 0
Progress: resolved 744, reused 76, downloaded 3, added 0
Progress: resolved 745, reused 76, downloaded 3, added 0
Progress: resolved 746, reused 76, downloaded 3, added 0
Progress: resolved 747, reused 76, downloaded 3, added 0
Progress: resolved 748, reused 76, downloaded 3, added 0
Progress: resolved 749, reused 76, downloaded 3, added 0
Progress: resolved 750, reused 76, downloaded 3, added 0
Progress: resolved 753, reused 76, downloaded 3, added 0
Progress: resolved 755, reused 76, downloaded 3, added 0
Progress: resolved 762, reused 76, downloaded 3, added 0
Progress: resolved 763, reused 76, downloaded 3, added 0
Progress: resolved 766, reused 76, downloaded 3, added 0
Progress: resolved 771, reused 76, downloaded 3, added 0
Progress: resolved 772, reused 76, downloaded 3, added 0
Progress: resolved 773, reused 76, downloaded 3, added 0
Progress: resolved 775, reused 76, downloaded 3, added 0
Progress: resolved 780, reused 76, downloaded 3, added 0
Progress: resolved 784, reused 76, downloaded 3, added 0
Progress: resolved 790, reused 76, downloaded 3, added 0
Progress: resolved 803, reused 76, downloaded 3, added 0
Progress: resolved 809, reused 76, downloaded 3, added 0
Progress: resolved 811, reused 76, downloaded 3, added 0
Progress: resolved 811, reused 76, downloaded 4, added 0
Progress: resolved 813, reused 76, downloaded 4, added 0
Progress: resolved 818, reused 76, downloaded 4, added 0
Progress: resolved 820, reused 76, downloaded 4, added 0
Progress: resolved 827, reused 76, downloaded 4, added 0
Progress: resolved 833, reused 76, downloaded 4, added 0
Progress: resolved 834, reused 76, downloaded 4, added 0
Progress: resolved 836, reused 76, downloaded 4, added 0
Progress: resolved 841, reused 76, downloaded 4, added 0
Progress: resolved 843, reused 76, downloaded 4, added 0
Progress: resolved 851, reused 76, downloaded 4, added 0
Progress: resolved 853, reused 76, downloaded 4, added 0
Progress: resolved 855, reused 76, downloaded 4, added 0
Progress: resolved 860, reused 76, downloaded 4, added 0
Progress: resolved 864, reused 76, downloaded 4, added 0
Progress: resolved 867, reused 76, downloaded 4, added 0
Progress: resolved 870, reused 76, downloaded 4, added 0
Progress: resolved 873, reused 76, downloaded 4, added 0
Progress: resolved 875, reused 76, downloaded 4, added 0
Progress: resolved 879, reused 76, downloaded 4, added 0
Progress: resolved 882, reused 76, downloaded 4, added 0
Progress: resolved 887, reused 76, downloaded 4, added 0
Progress: resolved 893, reused 76, downloaded 4, added 0
Progress: resolved 899, reused 76, downloaded 4, added 0
Progress: resolved 902, reused 76, downloaded 4, added 0
Progress: resolved 903, reused 76, downloaded 4, added 0
Progress: resolved 903, reused 76, downloaded 5, added 0
Progress: resolved 904, reused 76, downloaded 5, added 0
Progress: resolved 908, reused 76, downloaded 5, added 0
Progress: resolved 909, reused 76, downloaded 5, added 0
Progress: resolved 913, reused 76, downloaded 5, added 0
Progress: resolved 917, reused 76, downloaded 5, added 0
Progress: resolved 920, reused 76, downloaded 5, added 0
Progress: resolved 922, reused 76, downloaded 5, added 0
Progress: resolved 925, reused 76, downloaded 5, added 0
Progress: resolved 929, reused 76, downloaded 5, added 0
Progress: resolved 929, reused 76, downloaded 6, added 0
Progress: resolved 930, reused 76, downloaded 6, added 0
Progress: resolved 932, reused 76, downloaded 6, added 0
Progress: resolved 934, reused 76, downloaded 6, added 0
Progress: resolved 936, reused 76, downloaded 6, added 0
Progress: resolved 938, reused 76, downloaded 6, added 0
Progress: resolved 939, reused 76, downloaded 6, added 0
Progress: resolved 940, reused 76, downloaded 6, added 0
Progress: resolved 940, reused 76, downloaded 7, added 0
Progress: resolved 941, reused 76, downloaded 7, added 0
Progress: resolved 943, reused 76, downloaded 7, added 0
Progress: resolved 945, reused 76, downloaded 7, added 0
Progress: resolved 946, reused 76, downloaded 8, added 0
Progress: resolved 948, reused 76, downloaded 8, added 0
Progress: resolved 950, reused 76, downloaded 8, added 0
Progress: resolved 951, reused 76, downloaded 9, added 0
Progress: resolved 951, reused 76, downloaded 10, added 0
Progress: resolved 952, reused 76, downloaded 10, added 0
Progress: resolved 952, reused 76, downloaded 11, added 0
Progress: resolved 953, reused 76, downloaded 12, added 0
Progress: resolved 954, reused 76, downloaded 13, added 0
[WARN] 2 deprecated subdependencies found: intersection-observer@0.10.0, uuid@8.3.2
Packages: +853
++++++++++++++++++++++++++++++++++++++++++++++++++++++++++++++++++++++++++++++++
Progress: resolved 954, reused 76, downloaded 14, added 0
Progress: resolved 954, reused 76, downloaded 17, added 11
Progress: resolved 954, reused 76, downloaded 18, added 20
Progress: resolved 954, reused 76, downloaded 19, added 25
Progress: resolved 954, reused 76, downloaded 22, added 59
Progress: resolved 954, reused 76, downloaded 23, added 66
Progress: resolved 954, reused 76, downloaded 23, added 67
Progress: resolved 954, reused 76, downloaded 24, added 68
Progress: resolved 954, reused 76, downloaded 24, added 71
Progress: resolved 954, reused 76, downloaded 25, added 74
Progress: resolved 954, reused 76, downloaded 27, added 79
Progress: resolved 954, reused 76, downloaded 28, added 86
Progress: resolved 954, reused 76, downloaded 33, added 108
Progress: resolved 954, reused 76, downloaded 38, added 114
Progress: resolved 954, reused 76, downloaded 42, added 118
Progress: resolved 954, reused 76, downloaded 46, added 122
Progress: resolved 954, reused 76, downloaded 48, added 124
Progress: resolved 954, reused 76, downloaded 49, added 125
Progress: resolved 954, reused 76, downloaded 52, added 128
Progress: resolved 954, reused 76, downloaded 55, added 130
Progress: resolved 954, reused 76, downloaded 57, added 133
Progress: resolved 954, reused 76, downloaded 59, added 135
Progress: resolved 954, reused 76, downloaded 61, added 137
Progress: resolved 954, reused 76, downloaded 64, added 140
Progress: resolved 954, reused 76, downloaded 65, added 141
Progress: resolved 954, reused 76, downloaded 66, added 142
Progress: resolved 954, reused 76, downloaded 67, added 143
Progress: resolved 954, reused 76, downloaded 69, added 145
Progress: resolved 954, reused 76, downloaded 71, added 147
Progress: resolved 954, reused 76, downloaded 72, added 147
Progress: resolved 954, reused 76, downloaded 73, added 149
Progress: resolved 954, reused 76, downloaded 75, added 151
Progress: resolved 954, reused 76, downloaded 76, added 152
Progress: resolved 954, reused 76, downloaded 79, added 155
Progress: resolved 954, reused 76, downloaded 80, added 156
Progress: resolved 954, reused 76, downloaded 83, added 159
Progress: resolved 954, reused 76, downloaded 84, added 159
Progress: resolved 954, reused 76, downloaded 87, added 163
Progress: resolved 954, reused 76, downloaded 88, added 163
Progress: resolved 954, reused 76, downloaded 88, added 164
Progress: resolved 954, reused 76, downloaded 89, added 164
Progress: resolved 954, reused 76, downloaded 89, added 165
Progress: resolved 954, reused 76, downloaded 93, added 169
Progress: resolved 954, reused 76, downloaded 94, added 170
Progress: resolved 954, reused 76, downloaded 98, added 174
Progress: resolved 954, reused 76, downloaded 99, added 174
Progress: resolved 954, reused 76, downloaded 104, added 180
Progress: resolved 954, reused 76, downloaded 108, added 184
Progress: resolved 954, reused 76, downloaded 109, added 185
Progress: resolved 954, reused 76, downloaded 111, added 187
Progress: resolved 954, reused 76, downloaded 113, added 189
Progress: resolved 954, reused 76, downloaded 116, added 192
Progress: resolved 954, reused 76, downloaded 118, added 193
Progress: resolved 954, reused 76, downloaded 119, added 195
Progress: resolved 954, reused 76, downloaded 121, added 197
Progress: resolved 954, reused 76, downloaded 122, added 198
Progress: resolved 954, reused 76, downloaded 126, added 202
Progress: resolved 954, reused 76, downloaded 128, added 204
Progress: resolved 954, reused 76, downloaded 130, added 206
Progress: resolved 954, reused 76, downloaded 131, added 207
Progress: resolved 954, reused 76, downloaded 132, added 208
Progress: resolved 954, reused 76, downloaded 134, added 210
Progress: resolved 954, reused 76, downloaded 136, added 212
Progress: resolved 954, reused 76, downloaded 137, added 213
Progress: resolved 954, reused 76, downloaded 138, added 214
Progress: resolved 954, reused 76, downloaded 139, added 215
Progress: resolved 954, reused 76, downloaded 141, added 217
Progress: resolved 954, reused 76, downloaded 142, added 217
Progress: resolved 954, reused 76, downloaded 143, added 219
Progress: resolved 954, reused 76, downloaded 144, added 219
Progress: resolved 954, reused 76, downloaded 147, added 223
Progress: resolved 954, reused 76, downloaded 148, added 224
Progress: resolved 954, reused 76, downloaded 149, added 224
Progress: resolved 954, reused 76, downloaded 151, added 227
Progress: resolved 954, reused 76, downloaded 154, added 230
Progress: resolved 954, reused 76, downloaded 155, added 231
Progress: resolved 954, reused 76, downloaded 158, added 233
Progress: resolved 954, reused 76, downloaded 162, added 237
Progress: resolved 954, reused 76, downloaded 164, added 240
Progress: resolved 954, reused 76, downloaded 166, added 242
Progress: resolved 954, reused 76, downloaded 167, added 243
Progress: resolved 954, reused 76, downloaded 168, added 244
Progress: resolved 954, reused 76, downloaded 171, added 247
Progress: resolved 954, reused 76, downloaded 172, added 248
Progress: resolved 954, reused 76, downloaded 173, added 249
Progress: resolved 954, reused 76, downloaded 176, added 252
Progress: resolved 954, reused 76, downloaded 177, added 253
Progress: resolved 954, reused 76, downloaded 178, added 253
Progress: resolved 954, reused 76, downloaded 180, added 255
Progress: resolved 954, reused 76, downloaded 183, added 259
Progress: resolved 954, reused 76, downloaded 188, added 264
Progress: resolved 954, reused 76, downloaded 191, added 267
Progress: resolved 954, reused 76, downloaded 192, added 267
Progress: resolved 954, reused 76, downloaded 193, added 268
Progress: resolved 954, reused 76, downloaded 193, added 269
Progress: resolved 954, reused 76, downloaded 194, added 269
Progress: resolved 954, reused 76, downloaded 194, added 270
Progress: resolved 954, reused 76, downloaded 195, added 270
Progress: resolved 954, reused 76, downloaded 196, added 271
Progress: resolved 954, reused 76, downloaded 196, added 272
Progress: resolved 954, reused 76, downloaded 197, added 272
Progress: resolved 954, reused 76, downloaded 201, added 277
Progress: resolved 954, reused 76, downloaded 203, added 278
Progress: resolved 954, reused 76, downloaded 203, added 279
Progress: resolved 954, reused 76, downloaded 204, added 279
Progress: resolved 954, reused 76, downloaded 208, added 283
Progress: resolved 954, reused 76, downloaded 214, added 289
Progress: resolved 954, reused 76, downloaded 218, added 293
Progress: resolved 954, reused 76, downloaded 221, added 296
Progress: resolved 954, reused 76, downloaded 223, added 298
Progress: resolved 954, reused 76, downloaded 225, added 300
Progress: resolved 954, reused 76, downloaded 227, added 302
Progress: resolved 954, reused 76, downloaded 231, added 306
Progress: resolved 954, reused 76, downloaded 237, added 312
Progress: resolved 954, reused 76, downloaded 242, added 317
Progress: resolved 954, reused 76, downloaded 247, added 322
Progress: resolved 954, reused 76, downloaded 254, added 329
Progress: resolved 954, reused 76, downloaded 259, added 334
Progress: resolved 954, reused 76, downloaded 264, added 339
Progress: resolved 954, reused 76, downloaded 265, added 339
Progress: resolved 954, reused 76, downloaded 267, added 341
Progress: resolved 954, reused 76, downloaded 268, added 343
Progress: resolved 954, reused 76, downloaded 269, added 344
Progress: resolved 954, reused 76, downloaded 271, added 346
Progress: resolved 954, reused 76, downloaded 273, added 348
Progress: resolved 954, reused 76, downloaded 274, added 349
Progress: resolved 954, reused 76, downloaded 275, added 349
Progress: resolved 954, reused 76, downloaded 277, added 352
Progress: resolved 954, reused 76, downloaded 278, added 353
Progress: resolved 954, reused 76, downloaded 283, added 358
Progress: resolved 954, reused 76, downloaded 287, added 362
Progress: resolved 954, reused 76, downloaded 292, added 367
Progress: resolved 954, reused 76, downloaded 295, added 370
Progress: resolved 954, reused 76, downloaded 298, added 373
Progress: resolved 954, reused 76, downloaded 300, added 375
Progress: resolved 954, reused 76, downloaded 301, added 376
Progress: resolved 954, reused 76, downloaded 302, added 377
Progress: resolved 954, reused 76, downloaded 303, added 378
Progress: resolved 954, reused 76, downloaded 304, added 379
Progress: resolved 954, reused 76, downloaded 305, added 380
Progress: resolved 954, reused 76, downloaded 306, added 381
Progress: resolved 954, reused 76, downloaded 307, added 382
Progress: resolved 954, reused 76, downloaded 309, added 384
Progress: resolved 954, reused 76, downloaded 310, added 385
Progress: resolved 954, reused 76, downloaded 311, added 386
Progress: resolved 954, reused 76, downloaded 314, added 389
Progress: resolved 954, reused 76, downloaded 317, added 392
Progress: resolved 954, reused 76, downloaded 318, added 393
Progress: resolved 954, reused 76, downloaded 319, added 394
Progress: resolved 954, reused 76, downloaded 323, added 398
Progress: resolved 954, reused 76, downloaded 325, added 400
Progress: resolved 954, reused 76, downloaded 328, added 403
Progress: resolved 954, reused 76, downloaded 329, added 404
Progress: resolved 954, reused 76, downloaded 330, added 405
Progress: resolved 954, reused 76, downloaded 333, added 408
Progress: resolved 954, reused 76, downloaded 336, added 411
Progress: resolved 954, reused 76, downloaded 339, added 414
Progress: resolved 954, reused 76, downloaded 340, added 415
Progress: resolved 954, reused 76, downloaded 342, added 417
Progress: resolved 954, reused 76, downloaded 343, added 417
Progress: resolved 954, reused 76, downloaded 347, added 422
Progress: resolved 954, reused 76, downloaded 349, added 424
Progress: resolved 954, reused 76, downloaded 353, added 428
Progress: resolved 954, reused 76, downloaded 358, added 433
Progress: resolved 954, reused 76, downloaded 362, added 437
Progress: resolved 954, reused 76, downloaded 363, added 437
Progress: resolved 954, reused 76, downloaded 365, added 440
Progress: resolved 954, reused 76, downloaded 369, added 444
Progress: resolved 954, reused 76, downloaded 372, added 447
Progress: resolved 954, reused 76, downloaded 373, added 448
Progress: resolved 954, reused 76, downloaded 374, added 449
Progress: resolved 954, reused 76, downloaded 375, added 450
[WARN] GET https://registry.npmjs.org/@codesandbox/sandpack-client/-/sandpack-client-2.19.8.tgz error (23). Will retry in 10 seconds. 2 retries left.
[WARN] GET https://registry.npmjs.org/@codesandbox/sandpack-client/-/sandpack-client-2.19.8.tgz error (23). Will retry in 1 minute. 1 retries left.
[23] The operation was aborted due to timeout

This error happened while installing the dependencies of @mdxeditor/editor@3.55.0
 at @codesandbox/sandpack-react@2.20.0

TimeoutError: The operation was aborted due to timeout
    at new DOMException (node:internal/per_context/domexception:76:18)
    at Timeout._onTimeout (node:internal/abort_controller:210:9)
    at listOnTimeout (node:internal/timers:605:17)
    at process.processTimers (node:internal/timers:541:7)
